# JRE version: OpenJDK Runtime Environment Temurin-21.0.10+7 (21.0.10+7) (build 21.0.10+7-LTS)
# Java VM: OpenJDK 64-Bit Server VM Temurin-21.0.10+7 (21.0.10+7-LTS, mixed mode, sharing, tiered, compressed oops, compressed class ptrs, parallel gc, windows-amd64)
GC Precious Log:
 CardTable entry size: 512
 CPUs: 12 total, 12 available
 Memory: 16027M
 Large Page Support: Disabled
 NUMA Support: Disabled
 Compressed Oops: Enabled (32-bit)
 Alignments: Space 512K, Generation 512K, Heap 2M
 Heap Min Capacity: 100M
 Heap Initial Capacity: 100M
 Heap Max Capacity: 2G
 Pre-touch: Disabled
 Parallel Workers: 10
Heap:
 PSYoungGen      total 10752K, used 9072K [0x00000000d5580000, 0x00000000d6c00000, 0x0000000100000000)
  eden space 8704K, 80% used [0x00000000d5580000,0x00000000d5c5d180,0x00000000d5e00000)
  from space 2048K, 99% used [0x00000000d6080000,0x00000000d627ef20,0x00000000d6280000)
  to   space 7168K, 0% used [0x00000000d6500000,0x00000000d6500000,0x00000000d6c00000)
 ParOldGen       total 184320K, used 183843K [0x0000000080000000, 0x000000008b400000, 0x00000000d5580000)
  object space 184320K, 99% used [0x0000000080000000,0x000000008b388de8,0x000000008b400000)
 Metaspace       used 96024K, committed 97728K, reserved 1179648K
  class space    used 9738K, committed 10496K, reserved 1048576K
GC Heap History (20 events):
Event: 591860.640 GC heap before
{Heap before GC invocations=2400 (full 7):
 PSYoungGen      total 11264K, used 7722K [0x00000000d5580000, 0x00000000d6380000, 0x0000000100000000)
  eden space 7168K, 99% used [0x00000000d5580000,0x00000000d5c76b78,0x00000000d5c80000)
  from space 4096K, 14% used [0x00000000d5d80000,0x00000000d5e14010,0x00000000d6180000)
  to   space 1536K, 0% used [0x00000000d6200000,0x00000000d6200000,0x00000000d6380000)
 ParOldGen       total 165888K, used 165839K [0x0000000080000000, 0x000000008a200000, 0x00000000d5580000)
  object space 165888K, 99% used [0x0000000080000000,0x000000008a1f3e70,0x000000008a200000)
 Metaspace       used 96007K, committed 97728K, reserved 1179648K
  class space    used 9738K, committed 10496K, reserved 1048576K
}
Event: 591860.643 GC heap after
{Heap after GC invocations=2400 (full 7):
 PSYoungGen      total 8192K, used 979K [0x00000000d5580000, 0x00000000d6300000, 0x0000000100000000)
  eden space 7168K, 0% used [0x00000000d5580000,0x00000000d5580000,0x00000000d5c80000)
  from space 1024K, 95% used [0x00000000d6200000,0x00000000d62f4fd8,0x00000000d6300000)
  to   space 1536K, 0% used [0x00000000d6000000,0x00000000d6000000,0x00000000d6180000)
 ParOldGen       total 166400K, used 166303K [0x0000000080000000, 0x000000008a280000, 0x00000000d5580000)
  object space 166400K, 99% used [0x0000000080000000,0x000000008a267eb0,0x000000008a280000)
 Metaspace       used 96007K, committed 97728K, reserved 1179648K
  class space    used 9738K, committed 10496K, reserved 1048576K
}
Event: 591860.656 GC heap before
{Heap before GC invocations=2401 (full 7):
 PSYoungGen      total 8192K, used 8147K [0x00000000d5580000, 0x00000000d6300000, 0x0000000100000000)
  eden space 7168K, 99% used [0x00000000d5580000,0x00000000d5c7ffe8,0x00000000d5c80000)
  from space 1024K, 95% used [0x00000000d6200000,0x00000000d62f4fd8,0x00000000d6300000)
  to   space 1536K, 0% used [0x00000000d6000000,0x00000000d6000000,0x00000000d6180000)
 ParOldGen       total 166400K, used 166303K [0x0000000080000000, 0x000000008a280000, 0x00000000d5580000)
  object space 166400K, 99% used [0x0000000080000000,0x000000008a267eb0,0x000000008a280000)
 Metaspace       used 96007K, committed 97728K, reserved 1179648K
  class space    used 9738K, committed 10496K, reserved 1048576K
}
Event: 591860.663 GC heap after
{Heap after GC invocations=2401 (full 7):
 PSYoungGen      total 10240K, used 1536K [0x00000000d5580000, 0x00000000d6f00000, 0x0000000100000000)
  eden space 8704K, 0% used [0x00000000d5580000,0x00000000d5580000,0x00000000d5e00000)
  from space 1536K, 100% used [0x00000000d6000000,0x00000000d6180000,0x00000000d6180000)
  to   space 8704K, 0% used [0x00000000d6680000,0x00000000d6680000,0x00000000d6f00000)
 ParOldGen       total 172544K, used 172305K [0x0000000080000000, 0x000000008a880000, 0x00000000d5580000)
  object space 172544K, 99% used [0x0000000080000000,0x000000008a844770,0x000000008a880000)
 Metaspace       used 96007K, committed 97728K, reserved 1179648K
  class space    used 9738K, committed 10496K, reserved 1048576K
}
Event: 591860.696 GC heap before
{Heap before GC invocations=2402 (full 7):
 PSYoungGen      total 10240K, used 10240K [0x00000000d5580000, 0x00000000d6f00000, 0x0000000100000000)
  eden space 8704K, 100% used [0x00000000d5580000,0x00000000d5e00000,0x00000000d5e00000)
  from space 1536K, 100% used [0x00000000d6000000,0x00000000d6180000,0x00000000d6180000)
  to   space 8704K, 0% used [0x00000000d6680000,0x00000000d6680000,0x00000000d6f00000)
 ParOldGen       total 172544K, used 172305K [0x0000000080000000, 0x000000008a880000, 0x00000000d5580000)
  object space 172544K, 99% used [0x0000000080000000,0x000000008a844770,0x000000008a880000)
 Metaspace       used 96007K, committed 97728K, reserved 1179648K
  class space    used 9738K, committed 10496K, reserved 1048576K
}
Event: 591860.700 GC heap after
{Heap after GC invocations=2402 (full 7):
 PSYoungGen      total 10240K, used 1252K [0x00000000d5580000, 0x00000000d6800000, 0x0000000100000000)
  eden space 8704K, 0% used [0x00000000d5580000,0x00000000d5580000,0x00000000d5e00000)
  from space 1536K, 81% used [0x00000000d6680000,0x00000000d67b9210,0x00000000d6800000)
  to   space 3584K, 0% used [0x00000000d6100000,0x00000000d6100000,0x00000000d6480000)
 ParOldGen       total 174080K, used 173897K [0x0000000080000000, 0x000000008aa00000, 0x00000000d5580000)
  object space 174080K, 99% used [0x0000000080000000,0x000000008a9d2770,0x000000008aa00000)
 Metaspace       used 96007K, committed 97728K, reserved 1179648K
  class space    used 9738K, committed 10496K, reserved 1048576K
}
Event: 591860.736 GC heap before
{Heap before GC invocations=2403 (full 7):
 PSYoungGen      total 10240K, used 9956K [0x00000000d5580000, 0x00000000d6800000, 0x0000000100000000)
  eden space 8704K, 99% used [0x00000000d5580000,0x00000000d5dfffa8,0x00000000d5e00000)
  from space 1536K, 81% used [0x00000000d6680000,0x00000000d67b9210,0x00000000d6800000)
  to   space 3584K, 0% used [0x00000000d6100000,0x00000000d6100000,0x00000000d6480000)
 ParOldGen       total 174080K, used 173897K [0x0000000080000000, 0x000000008aa00000, 0x00000000d5580000)
  object space 174080K, 99% used [0x0000000080000000,0x000000008a9d2770,0x000000008aa00000)
 Metaspace       used 96011K, committed 97728K, reserved 1179648K
  class space    used 9738K, committed 10496K, reserved 1048576K
}
Event: 591860.738 GC heap after
{Heap after GC invocations=2403 (full 7):
 PSYoungGen      total 12288K, used 1659K [0x00000000d5580000, 0x00000000d6700000, 0x0000000100000000)
  eden space 8704K, 0% used [0x00000000d5580000,0x00000000d5580000,0x00000000d5e00000)
  from space 3584K, 46% used [0x00000000d6100000,0x00000000d629ef20,0x00000000d6480000)
  to   space 2048K, 0% used [0x00000000d6500000,0x00000000d6500000,0x00000000d6700000)
 ParOldGen       total 175104K, used 174960K [0x0000000080000000, 0x000000008ab00000, 0x00000000d5580000)
  object space 175104K, 99% used [0x0000000080000000,0x000000008aadc360,0x000000008ab00000)
 Metaspace       used 96011K, committed 97728K, reserved 1179648K
  class space    used 9738K, committed 10496K, reserved 1048576K
}
Event: 591861.226 GC heap before
{Heap before GC invocations=2404 (full 7):
 PSYoungGen      total 12288K, used 10363K [0x00000000d5580000, 0x00000000d6700000, 0x0000000100000000)
  eden space 8704K, 100% used [0x00000000d5580000,0x00000000d5e00000,0x00000000d5e00000)
  from space 3584K, 46% used [0x00000000d6100000,0x00000000d629ef20,0x00000000d6480000)
  to   space 2048K, 0% used [0x00000000d6500000,0x00000000d6500000,0x00000000d6700000)
 ParOldGen       total 175104K, used 174960K [0x0000000080000000, 0x000000008ab00000, 0x00000000d5580000)
  object space 175104K, 99% used [0x0000000080000000,0x000000008aadc360,0x000000008ab00000)
 Metaspace       used 96011K, committed 97728K, reserved 1179648K
  class space    used 9738K, committed 10496K, reserved 1048576K
}
Event: 591861.231 GC heap after
{Heap after GC invocations=2404 (full 7):
 PSYoungGen      total 9728K, used 608K [0x00000000d5580000, 0x00000000d6600000, 0x0000000100000000)
  eden space 8704K, 0% used [0x00000000d5580000,0x00000000d5580000,0x00000000d5e00000)
  from space 1024K, 59% used [0x00000000d6500000,0x00000000d6598000,0x00000000d6600000)
  to   space 1536K, 0% used [0x00000000d6300000,0x00000000d6300000,0x00000000d6480000)
 ParOldGen       total 175616K, used 175351K [0x0000000080000000, 0x000000008ab80000, 0x00000000d5580000)
  object space 175616K, 99% used [0x0000000080000000,0x000000008ab3dd00,0x000000008ab80000)
 Metaspace       used 96011K, committed 97728K, reserved 1179648K
  class space    used 9738K, committed 10496K, reserved 1048576K
}
Event: 591861.261 GC heap before
{Heap before GC invocations=2405 (full 7):
 PSYoungGen      total 9728K, used 9312K [0x00000000d5580000, 0x00000000d6600000, 0x0000000100000000)
  eden space 8704K, 100% used [0x00000000d5580000,0x00000000d5e00000,0x00000000d5e00000)
  from space 1024K, 59% used [0x00000000d6500000,0x00000000d6598000,0x00000000d6600000)
  to   space 1536K, 0% used [0x00000000d6300000,0x00000000d6300000,0x00000000d6480000)
 ParOldGen       total 175616K, used 175351K [0x0000000080000000, 0x000000008ab80000, 0x00000000d5580000)
  object space 175616K, 99% used [0x0000000080000000,0x000000008ab3dd00,0x000000008ab80000)
 Metaspace       used 96011K, committed 97728K, reserved 1179648K
  class space    used 9738K, committed 10496K, reserved 1048576K
}
Event: 591861.263 GC heap after
{Heap after GC invocations=2405 (full 7):
 PSYoungGen      total 10240K, used 944K [0x00000000d5580000, 0x00000000d6580000, 0x0000000100000000)
  eden space 8704K, 0% used [0x00000000d5580000,0x00000000d5580000,0x00000000d5e00000)
  from space 1536K, 61% used [0x00000000d6300000,0x00000000d63ec010,0x00000000d6480000)
  to   space 1024K, 0% used [0x00000000d6480000,0x00000000d6480000,0x00000000d6580000)
 ParOldGen       total 176128K, used 175794K [0x0000000080000000, 0x000000008ac00000, 0x00000000d5580000)
  object space 176128K, 99% used [0x0000000080000000,0x000000008abac8a0,0x000000008ac00000)
 Metaspace       used 96011K, committed 97728K, reserved 1179648K
  class space    used 9738K, committed 10496K, reserved 1048576K
}
Event: 591861.347 GC heap before
{Heap before GC invocations=2406 (full 7):
 PSYoungGen      total 10240K, used 9648K [0x00000000d5580000, 0x00000000d6580000, 0x0000000100000000)
  eden space 8704K, 99% used [0x00000000d5580000,0x00000000d5dffff8,0x00000000d5e00000)
  from space 1536K, 61% used [0x00000000d6300000,0x00000000d63ec010,0x00000000d6480000)
  to   space 1024K, 0% used [0x00000000d6480000,0x00000000d6480000,0x00000000d6580000)
 ParOldGen       total 176128K, used 175794K [0x0000000080000000, 0x000000008ac00000, 0x00000000d5580000)
  object space 176128K, 99% used [0x0000000080000000,0x000000008abac8a0,0x000000008ac00000)
 Metaspace       used 96022K, committed 97728K, reserved 1179648K
  class space    used 9738K, committed 10496K, reserved 1048576K
}
Event: 591861.350 GC heap after
{Heap after GC invocations=2406 (full 7):
 PSYoungGen      total 9728K, used 1011K [0x00000000d5580000, 0x00000000d6700000, 0x0000000100000000)
  eden space 8704K, 0% used [0x00000000d5580000,0x00000000d5580000,0x00000000d5e00000)
  from space 1024K, 98% used [0x00000000d6480000,0x00000000d657cfd8,0x00000000d6580000)
  to   space 4608K, 0% used [0x00000000d5e00000,0x00000000d5e00000,0x00000000d6280000)
 ParOldGen       total 178688K, used 178669K [0x0000000080000000, 0x000000008ae80000, 0x00000000d5580000)
  object space 178688K, 99% used [0x0000000080000000,0x000000008ae7b518,0x000000008ae80000)
 Metaspace       used 96022K, committed 97728K, reserved 1179648K
  class space    used 9738K, committed 10496K, reserved 1048576K
}
Event: 591861.485 GC heap before
{Heap before GC invocations=2407 (full 7):
 PSYoungGen      total 9728K, used 9715K [0x00000000d5580000, 0x00000000d6700000, 0x0000000100000000)
  eden space 8704K, 100% used [0x00000000d5580000,0x00000000d5e00000,0x00000000d5e00000)
  from space 1024K, 98% used [0x00000000d6480000,0x00000000d657cfd8,0x00000000d6580000)
  to   space 4608K, 0% used [0x00000000d5e00000,0x00000000d5e00000,0x00000000d6280000)
 ParOldGen       total 178688K, used 178669K [0x0000000080000000, 0x000000008ae80000, 0x00000000d5580000)
  object space 178688K, 99% used [0x0000000080000000,0x000000008ae7b518,0x000000008ae80000)
 Metaspace       used 96022K, committed 97728K, reserved 1179648K
  class space    used 9738K, committed 10496K, reserved 1048576K
}
Event: 591861.488 GC heap after
{Heap after GC invocations=2407 (full 7):
 PSYoungGen      total 13312K, used 1140K [0x00000000d5580000, 0x00000000d6500000, 0x0000000100000000)
  eden space 8704K, 0% used [0x00000000d5580000,0x00000000d5580000,0x00000000d5e00000)
  from space 4608K, 24% used [0x00000000d5e00000,0x00000000d5f1d200,0x00000000d6280000)
  to   space 2560K, 0% used [0x00000000d6280000,0x00000000d6280000,0x00000000d6500000)
 ParOldGen       total 179200K, used 178813K [0x0000000080000000, 0x000000008af00000, 0x00000000d5580000)
  object space 179200K, 99% used [0x0000000080000000,0x000000008ae9f518,0x000000008af00000)
 Metaspace       used 96022K, committed 97728K, reserved 1179648K
  class space    used 9738K, committed 10496K, reserved 1048576K
}
Event: 591861.539 GC heap before
{Heap before GC invocations=2408 (full 7):
 PSYoungGen      total 13312K, used 9844K [0x00000000d5580000, 0x00000000d6500000, 0x0000000100000000)
  eden space 8704K, 100% used [0x00000000d5580000,0x00000000d5e00000,0x00000000d5e00000)
  from space 4608K, 24% used [0x00000000d5e00000,0x00000000d5f1d200,0x00000000d6280000)
  to   space 2560K, 0% used [0x00000000d6280000,0x00000000d6280000,0x00000000d6500000)
 ParOldGen       total 179200K, used 178813K [0x0000000080000000, 0x000000008af00000, 0x00000000d5580000)
  object space 179200K, 99% used [0x0000000080000000,0x000000008ae9f518,0x000000008af00000)
 Metaspace       used 96022K, committed 97728K, reserved 1179648K
  class space    used 9738K, committed 10496K, reserved 1048576K
}
Event: 591861.544 GC heap after
{Heap after GC invocations=2408 (full 7):
 PSYoungGen      total 10752K, used 1644K [0x00000000d5580000, 0x00000000d6480000, 0x0000000100000000)
  eden space 8704K, 0% used [0x00000000d5580000,0x00000000d5580000,0x00000000d5e00000)
  from space 2048K, 80% used [0x00000000d6280000,0x00000000d641b0b0,0x00000000d6480000)
  to   space 2048K, 0% used [0x00000000d6080000,0x00000000d6080000,0x00000000d6280000)
 ParOldGen       total 180224K, used 179816K [0x0000000080000000, 0x000000008b000000, 0x00000000d5580000)
  object space 180224K, 99% used [0x0000000080000000,0x000000008af9a0d8,0x000000008b000000)
 Metaspace       used 96022K, committed 97728K, reserved 1179648K
  class space    used 9738K, committed 10496K, reserved 1048576K
}
Event: 591861.570 GC heap before
{Heap before GC invocations=2409 (full 7):
 PSYoungGen      total 10752K, used 10348K [0x00000000d5580000, 0x00000000d6480000, 0x0000000100000000)
  eden space 8704K, 100% used [0x00000000d5580000,0x00000000d5e00000,0x00000000d5e00000)
  from space 2048K, 80% used [0x00000000d6280000,0x00000000d641b0b0,0x00000000d6480000)
  to   space 2048K, 0% used [0x00000000d6080000,0x00000000d6080000,0x00000000d6280000)
 ParOldGen       total 180224K, used 179816K [0x0000000080000000, 0x000000008b000000, 0x00000000d5580000)
  object space 180224K, 99% used [0x0000000080000000,0x000000008af9a0d8,0x000000008b000000)
 Metaspace       used 96022K, committed 97728K, reserved 1179648K
  class space    used 9738K, committed 10496K, reserved 1048576K
}
Event: 591861.575 GC heap after
{Heap after GC invocations=2409 (full 7):
 PSYoungGen      total 10752K, used 2043K [0x00000000d5580000, 0x00000000d6c00000, 0x0000000100000000)
  eden space 8704K, 0% used [0x00000000d5580000,0x00000000d5580000,0x00000000d5e00000)
  from space 2048K, 99% used [0x00000000d6080000,0x00000000d627ef20,0x00000000d6280000)
  to   space 7168K, 0% used [0x00000000d6500000,0x00000000d6500000,0x00000000d6c00000)
 ParOldGen       total 184320K, used 183843K [0x0000000080000000, 0x000000008b400000, 0x00000000d5580000)
  object space 184320K, 99% used [0x0000000080000000,0x000000008b388de8,0x000000008b400000)
 Metaspace       used 96022K, committed 97728K, reserved 1179648K
  class space    used 9738K, committed 10496K, reserved 1048576K
}

